2018-05-24 08:32:05 +0000  Initial pipeline context: <IDEDistributionProcessingPipelineContext: 0x7fb1b2def9b0; archive(resolved)='<IDEArchive: 0x7fb1b289f870>', distributionTask(resolved)='2', distributionMethod(resolved)='<IDEDistributionMethodDevelopmentSigned: 0x7fb1b289f040>', team(resolved)='<IDEProvisioningBasicTeam: 0x7fb1b2dbc8e0; teamID='UZQ288R7ZM', teamName='Nanjing Rongguang Software Technology Co.,Ltd.'>'>
	Chain (11, self inclusive):
	<IDEDistributionProcessingPipelineContext: 0x7fb1b2def9b0; archive = '<IDEArchive: 0x7fb1b289f870>', distributionMethod='<IDEDistributionMethodDevelopmentSigned: 0x7fb1b289f040>', team='<IDEProvisioningBasicTeam: 0x7fb1b2dbc8e0; teamID='UZQ288R7ZM', teamName='Nanjing Rongguang Software Technology Co.,Ltd.'>'>
	<IDEDistributionProcessingPipelineContext: 0x7fb1b2ee6e80; archive = '<IDEArchive: 0x7fb1b289f870>', distributionMethod='<IDEDistributionMethodDevelopmentSigned: 0x7fb1b289f040>', team='<IDEProvisioningBasicTeam: 0x7fb1b2dbc8e0; teamID='UZQ288R7ZM', teamName='Nanjing Rongguang Software Technology Co.,Ltd.'>'>
	<IDEDistributionContext: 0x7fb1b2ee02b0; archive = '<IDEArchive: 0x7fb1b289f870>', distributionMethod='<IDEDistributionMethodDevelopmentSigned: 0x7fb1b289f040>', team='<IDEProvisioningBasicTeam: 0x7fb1b2dbc8e0; teamID='UZQ288R7ZM', teamName='Nanjing Rongguang Software Technology Co.,Ltd.'>'>
	<IDEDistributionContext: 0x7fb1b2ec5580; archive = '<IDEArchive: 0x7fb1b289f870>', distributionMethod='<IDEDistributionMethodDevelopmentSigned: 0x7fb1b289f040>', team='<IDEProvisioningBasicTeam: 0x7fb1b2dbc8e0; teamID='UZQ288R7ZM', teamName='Nanjing Rongguang Software Technology Co.,Ltd.'>'>
	<IDEDistributionContext: 0x7fb1b2ee5880; archive = '<IDEArchive: 0x7fb1b289f870>', distributionMethod='<IDEDistributionMethodDevelopmentSigned: 0x7fb1b289f040>', team='<IDEProvisioningBasicTeam: 0x7fb1b2dbc8e0; teamID='UZQ288R7ZM', teamName='Nanjing Rongguang Software Technology Co.,Ltd.'>'>
	<IDEDistributionContext: 0x7fb1b2ead650; archive = '<IDEArchive: 0x7fb1b289f870>', distributionMethod='<IDEDistributionMethodDevelopmentSigned: 0x7fb1b289f040>', team='<IDEProvisioningBasicTeam: 0x7fb1b2dbc8e0; teamID='UZQ288R7ZM', teamName='Nanjing Rongguang Software Technology Co.,Ltd.'>'>
	<IDEDistributionContext: 0x7fb1b0e19990; archive = '<IDEArchive: 0x7fb1b289f870>', distributionMethod='<IDEDistributionMethodDevelopmentSigned: 0x7fb1b289f040>', team='<IDEProvisioningBasicTeam: 0x7fb1b2dbc8e0; teamID='UZQ288R7ZM', teamName='Nanjing Rongguang Software Technology Co.,Ltd.'>'>
	<IDEDistributionContext: 0x7fb1b2e06620; archive = '<IDEArchive: 0x7fb1b289f870>', distributionMethod='<IDEDistributionMethodDevelopmentSigned: 0x7fb1b289f040>', team='<IDEProvisioningBasicTeam: 0x7fb1b2dbc8e0; teamID='UZQ288R7ZM', teamName='Nanjing Rongguang Software Technology Co.,Ltd.'>'>
	<IDEDistributionContext: 0x7fb1b2d0e810; archive = '<IDEArchive: 0x7fb1b289f870>', distributionMethod='<IDEDistributionMethodDevelopmentSigned: 0x7fb1b289f040>', team='<IDEProvisioningBasicTeam: 0x7fb1b2dbc8e0; teamID='UZQ288R7ZM', teamName='Nanjing Rongguang Software Technology Co.,Ltd.'>'>
	<IDEDistributionContext: 0x7fb1b2cae170; archive = '<IDEArchive: 0x7fb1b289f870>', distributionMethod='<IDEDistributionMethodDevelopmentSigned: 0x7fb1b289f040>', team='(null)'>
	<IDEDistributionContext: 0x7fb1b2ac2f10; archive = '<IDEArchive: 0x7fb1b289f870>', distributionMethod='(null)', team='(null)'>
</IDEDistributionProcessingPipelineContext: 0x7fb1b2def9b0>
2018-05-24 08:32:05 +0000  Processing step: IDEDistributionCreateDestRootStep
2018-05-24 08:32:05 +0000  Processing step: IDEDistributionCopyItemStep
2018-05-24 08:32:05 +0000  Running /usr/bin/ditto '-V' '/Users/xhz/Library/Developer/Xcode/Archives/2018-05-24/szwzb 2018-5-24 下午4.26.xcarchive/Products/Applications/szwzb.app' '/var/folders/8h/x_7jc6_j29ndv7qg7nz67b2m0000gn/T/XcodeDistPipeline.rCH/Root/Payload/szwzb.app'
2018-05-24 08:32:05 +0000  >>> Copying /Users/xhz/Library/Developer/Xcode/Archives/2018-05-24/szwzb 2018-5-24 下午4.26.xcarchive/Products/Applications/szwzb.app 
2018-05-24 08:32:05 +0000  copying file ./_CodeSignature/CodeResources ... 
2018-05-24 08:32:05 +0000  64773 bytes for ./_CodeSignature/CodeResources
2018-05-24 08:32:05 +0000  copying file ./AppIcon29x29.png ... 
2018-05-24 08:32:05 +0000  1296 bytes for ./AppIcon29x29.png
copying file ./AppIcon29x29@2x.png ... 
2018-05-24 08:32:05 +0000  3385 bytes for ./AppIcon29x29@2x.png
copying file ./AppIcon29x29@2x~ipad.png ... 
2018-05-24 08:32:05 +0000  3385 bytes for ./AppIcon29x29@2x~ipad.png
copying file ./AppIcon29x29@3x.png ... 
2018-05-24 08:32:05 +0000  5778 bytes for ./AppIcon29x29@3x.png
2018-05-24 08:32:05 +0000  copying file ./AppIcon29x29~ipad.png ... 
1296 bytes for ./AppIcon29x29~ipad.png
copying file ./AppIcon40x40@2x.png ... 
2018-05-24 08:32:05 +0000  5471 bytes for ./AppIcon40x40@2x.png
copying file ./AppIcon40x40@2x~ipad.png ... 
2018-05-24 08:32:05 +0000  5471 bytes for ./AppIcon40x40@2x~ipad.png
copying file ./AppIcon40x40@3x.png ... 
2018-05-24 08:32:05 +0000  5543 bytes for ./AppIcon40x40@3x.png
copying file ./AppIcon40x40~ipad.png ... 
2018-05-24 08:32:05 +0000  2034 bytes for ./AppIcon40x40~ipad.png
copying file ./AppIcon50x50@2x~ipad.png ... 
2018-05-24 08:32:05 +0000  6711 bytes for ./AppIcon50x50@2x~ipad.png
copying file ./AppIcon50x50~ipad.png ... 
2018-05-24 08:32:05 +0000  2833 bytes for ./AppIcon50x50~ipad.png
copying file ./AppIcon57x57.png ... 
2018-05-24 08:32:05 +0000  3417 bytes for ./AppIcon57x57.png
copying file ./AppIcon57x57@2x.png ... 
2018-05-24 08:32:05 +0000  7584 bytes for ./AppIcon57x57@2x.png
2018-05-24 08:32:05 +0000  copying file ./AppIcon60x60@2x.png ... 
2018-05-24 08:32:05 +0000  5543 bytes for ./AppIcon60x60@2x.png
copying file ./AppIcon60x60@3x.png ... 
2018-05-24 08:32:05 +0000  8315 bytes for ./AppIcon60x60@3x.png
copying file ./AppIcon72x72@2x~ipad.png ... 
2018-05-24 08:32:05 +0000  10291 bytes for ./AppIcon72x72@2x~ipad.png
2018-05-24 08:32:05 +0000  copying file ./AppIcon72x72~ipad.png ... 
5057 bytes for ./AppIcon72x72~ipad.png
copying file ./AppIcon76x76@2x~ipad.png ... 
2018-05-24 08:32:05 +0000  10353 bytes for ./AppIcon76x76@2x~ipad.png
copying file ./AppIcon76x76~ipad.png ... 
2018-05-24 08:32:05 +0000  5221 bytes for ./AppIcon76x76~ipad.png
copying file ./AppIcon83.5x83.5@2x~ipad.png ... 
2018-05-24 08:32:05 +0000  10678 bytes for ./AppIcon83.5x83.5@2x~ipad.png
copying file ./Assets.car ... 
2018-05-24 08:32:05 +0000  845176 bytes for ./Assets.car
2018-05-24 08:32:05 +0000  copying file ./CDVLaunchScreen.storyboardc/01J-lp-oVM-view-Ze5-6b-2t3.nib ... 
2282 bytes for ./CDVLaunchScreen.storyboardc/01J-lp-oVM-view-Ze5-6b-2t3.nib
copying file ./CDVLaunchScreen.storyboardc/Info.plist ... 
258 bytes for ./CDVLaunchScreen.storyboardc/Info.plist
copying file ./CDVLaunchScreen.storyboardc/UIViewController-01J-lp-oVM.nib ... 
832 bytes for ./CDVLaunchScreen.storyboardc/UIViewController-01J-lp-oVM.nib
copying file ./config.xml ... 
2528 bytes for ./config.xml
copying file ./embedded.mobileprovision ... 
2018-05-24 08:32:05 +0000  12345 bytes for ./embedded.mobileprovision
copying file ./Info.plist ... 
2018-05-24 08:32:05 +0000  1550 bytes for ./Info.plist
copying file ./MainViewController.nib ... 
2018-05-24 08:32:05 +0000  943 bytes for ./MainViewController.nib
copying file ./PkgInfo ... 
2018-05-24 08:32:05 +0000  8 bytes for ./PkgInfo
copying file ./scannerOverlay.nib ... 
2018-05-24 08:32:05 +0000  1462 bytes for ./scannerOverlay.nib
copying file ./szwzb ... 
2018-05-24 08:32:05 +0000  994848 bytes for ./szwzb
2018-05-24 08:32:05 +0000  copying file ./www/cordova-js-src/exec.js ... 
8877 bytes for ./www/cordova-js-src/exec.js
copying file ./www/cordova-js-src/platform.js ... 
943 bytes for ./www/cordova-js-src/platform.js
copying file ./www/cordova.js ... 
61623 bytes for ./www/cordova.js
copying file ./www/cordova_plugins.js ... 
1087 bytes for ./www/cordova_plugins.js
copying file ./www/css/style.css ... 
18436 bytes for ./www/css/style.css
copying file ./www/fonts/demo.css ... 
6274 bytes for ./www/fonts/demo.css
copying file ./www/fonts/demo_fontclass.html ... 
6200 bytes for ./www/fonts/demo_fontclass.html
copying file ./www/fonts/demo_symbol.html ... 
8832 bytes for ./www/fonts/demo_symbol.html
copying file ./www/fonts/demo_unicode.html ... 
7490 bytes for ./www/fonts/demo_unicode.html
copying file ./www/fonts/iconfont.css ... 
1471 bytes for ./www/fonts/iconfont.css
copying file ./www/fonts/iconfont.eot ... 
13250 bytes for ./www/fonts/iconfont.eot
copying file ./www/fonts/iconfont.js ... 
24507 bytes for ./www/fonts/iconfont.js
copying file ./www/fonts/iconfont.svg ... 
11858 bytes for ./www/fonts/iconfont.svg
copying file ./www/fonts/iconfont.ttf ... 
12968 bytes for ./www/fonts/iconfont.ttf
copying file ./www/fonts/iconfont.woff ... 
7944 bytes for ./www/fonts/iconfont.woff
copying file ./www/img/h3libg.png ... 
2798 bytes for ./www/img/h3libg.png
copying file ./www/img/img1.jpg ... 
2376 bytes for ./www/img/img1.jpg
copying file ./www/img/loginbg.jpg ... 
70753 bytes for ./www/img/loginbg.jpg
copying file ./www/img/logo.png ... 
6108 bytes for ./www/img/logo.png
copying file ./www/img/logo1.png ... 
13730 bytes for ./www/img/logo1.png
copying file ./www/img/sybg.jpg ... 
30279 bytes for ./www/img/sybg.jpg
copying file ./www/index.html ... 
1810 bytes for ./www/index.html
copying file ./www/js/app.js ... 
9109 bytes for ./www/js/app.js
copying file ./www/js/controllers.js ... 
64843 bytes for ./www/js/controllers.js
copying file ./www/js/jquery.min.js ... 
95992 bytes for ./www/js/jquery.min.js
copying file ./www/js/jsmpeg.min.js ... 
71879 bytes for ./www/js/jsmpeg.min.js
copying file ./www/js/mobiscroll.custom-2.6.2.min.css ... 
38004 bytes for ./www/js/mobiscroll.custom-2.6.2.min.css
copying file ./www/js/mobiscroll.custom-2.6.2.min.js ... 
43737 bytes for ./www/js/mobiscroll.custom-2.6.2.min.js
copying file ./www/js/mui.min.js ... 
144298 bytes for ./www/js/mui.min.js
copying file ./www/js/services.js ... 
5811 bytes for ./www/js/services.js
copying file ./www/lib/ionic/css/ionic.css ... 
219272 bytes for ./www/lib/ionic/css/ionic.css
copying file ./www/lib/ionic/css/ionic.min.css ... 
173446 bytes for ./www/lib/ionic/css/ionic.min.css
copying file ./www/lib/ionic/fonts/ionicons.eot ... 
120724 bytes for ./www/lib/ionic/fonts/ionicons.eot
copying file ./www/lib/ionic/fonts/ionicons.svg ... 
333834 bytes for ./www/lib/ionic/fonts/ionicons.svg
copying file ./www/lib/ionic/fonts/ionicons.ttf ... 
188508 bytes for ./www/lib/ionic/fonts/ionicons.ttf
copying file ./www/lib/ionic/fonts/ionicons.woff ... 
67904 bytes for ./www/lib/ionic/fonts/ionicons.woff
copying file ./www/lib/ionic/js/angular/angular-animate.js ... 
104238 bytes for ./www/lib/ionic/js/angular/angular-animate.js
copying file ./www/lib/ionic/js/angular/angular-animate.min.js ... 
13465 bytes for ./www/lib/ionic/js/angular/angular-animate.min.js
copying file ./www/lib/ionic/js/angular/angular-resource.js ... 
26774 bytes for ./www/lib/ionic/js/angular/angular-resource.js
copying file ./www/lib/ionic/js/angular/angular-resource.min.js ... 
3582 bytes for ./www/lib/ionic/js/angular/angular-resource.min.js
copying file ./www/lib/ionic/js/angular/angular-sanitize.js ... 
24099 bytes for ./www/lib/ionic/js/angular/angular-sanitize.js
copying file ./www/lib/ionic/js/angular/angular-sanitize.min.js ... 
6189 bytes for ./www/lib/ionic/js/angular/angular-sanitize.min.js
copying file ./www/lib/ionic/js/angular/angular.js ... 
952665 bytes for ./www/lib/ionic/js/angular/angular.js
copying file ./www/lib/ionic/js/angular/angular.min.js ... 
125539 bytes for ./www/lib/ionic/js/angular/angular.
2018-05-24 08:32:05 +0000  min.js
copying file ./www/lib/ionic/js/angular-ui/angular-ui-router.js ... 
156740 bytes for ./www/lib/ionic/js/angular-ui/angular-ui-router.js
copying file ./www/lib/ionic/js/angular-ui/angular-ui-router.min.js ... 
28684 bytes for ./www/lib/ionic/js/angular-ui/angular-ui-router.min.js
copying file ./www/lib/ionic/js/ionic-angular.js ... 
418442 bytes for ./www/lib/ionic/js/ionic-angular.js
copying file ./www/lib/ionic/js/ionic-angular.min.js ... 
114355 bytes for ./www/lib/ionic/js/ionic-angular.min.js
copying file ./www/lib/ionic/js/ionic.bundle.js ... 
2018-05-24 08:32:05 +0000  1916801 bytes for ./www/lib/ionic/js/ionic.bundle.js
2018-05-24 08:32:05 +0000  copying file ./www/lib/ionic/js/ionic.bundle.min.js ... 
378715 bytes for ./www/lib/ionic/js/ionic.bundle.min.js
copying file ./www/lib/ionic/js/ionic.js ... 
259616 bytes for ./www/lib/ionic/js/ionic.js
copying file ./www/lib/ionic/js/ionic.min.js ... 
89482 bytes for ./www/lib/ionic/js/ionic.min.js
copying file ./www/lib/ionic/js/ng-dialog/myth/ngDialog-theme-default.css ... 
3371 bytes for ./www/lib/ionic/js/ng-dialog/myth/ngDialog-theme-default.css
copying file ./www/lib/ionic/js/ng-dialog/myth/ngDialog-theme-plain.css ... 
3234 bytes for ./www/lib/ionic/js/ng-dialog/myth/ngDialog-theme-plain.css
copying file ./www/lib/ionic/js/ng-dialog/myth/ngDialog.css ... 
1546 bytes for ./www/lib/ionic/js/ng-dialog/myth/ngDialog.css
copying file ./www/lib/ionic/js/ng-dialog/ngDialog-custom-width.css ... 
84 bytes for ./www/lib/ionic/js/ng-dialog/ngDialog-custom-width.css
copying file ./www/lib/ionic/js/ng-dialog/ngDialog-theme-default.css ... 
4280 bytes for ./www/lib/ionic/js/ng-dialog/ngDialog-theme-default.css
copying file ./www/lib/ionic/js/ng-dialog/ngDialog-theme-default.min.css ... 
3561 bytes for ./www/lib/ionic/js/ng-dialog/ngDialog-theme-default.min.css
copying file ./www/lib/ionic/js/ng-dialog/ngDialog-theme-plain.css ... 
3396 bytes for ./www/lib/ionic/js/ng-dialog/ngDialog-theme-plain.css
copying file ./www/lib/ionic/js/ng-dialog/ngDialog-theme-plain.min.css ... 
2998 bytes for ./www/lib/ionic/js/ng-dialog/ngDialog-theme-plain.min.css
copying file ./www/lib/ionic/js/ng-dialog/ngDialog.css ... 
1857 bytes for ./www/lib/ionic/js/ng-dialog/ngDialog.css
copying file ./www/lib/ionic/js/ng-dialog/ngDialog.js ... 
41921 bytes for ./www/lib/ionic/js/ng-dialog/ngDialog.js
copying file ./www/lib/ionic/js/ng-dialog/ngDialog.min.css ... 
1473 bytes for ./www/lib/ionic/js/ng-dialog/ngDialog.min.css
copying file ./www/lib/ionic/js/ng-dialog/ngDialog.min.js ... 
12328 bytes for ./www/lib/ionic/js/ng-dialog/ngDialog.min.js
copying file ./www/lib/ionic/js/ng-file-upload/FileAPI.flash.swf ... 
71214 bytes for ./www/lib/ionic/js/ng-file-upload/FileAPI.flash.swf
copying file ./www/lib/ionic/js/ng-file-upload/FileAPI.js ... 
104332 bytes for ./www/lib/ionic/js/ng-file-upload/FileAPI.js
copying file ./www/lib/ionic/js/ng-file-upload/FileAPI.min.js ... 
44031 bytes for ./www/lib/ionic/js/ng-file-upload/FileAPI.min.js
copying file ./www/lib/ionic/js/ng-file-upload/ng-file-upload-all.js ... 
92827 bytes for ./www/lib/ionic/js/ng-file-upload/ng-file-upload-all.js
copying file ./www/lib/ionic/js/ng-file-upload/ng-file-upload-all.min.js ... 
43738 bytes for ./www/lib/ionic/js/ng-file-upload/ng-file-upload-all.min.js
copying file ./www/lib/ionic/js/ng-file-upload/ng-file-upload-shim.js ... 
14393 bytes for ./www/lib/ionic/js/ng-file-upload/ng-file-upload-shim.js
copying file ./www/lib/ionic/js/ng-file-upload/ng-file-upload-shim.min.js ... 
7261 bytes for ./www/lib/ionic/js/ng-file-upload/ng-file-upload-shim.min.js
copying file ./www/lib/ionic/js/ng-file-upload/ng-file-upload.js ... 
78433 bytes for ./www/lib/ionic/js/ng-file-upload/ng-file-upload.js
copying file ./www/lib/ionic/js/ng-file-upload/ng-file-upload.min.js ... 
36489 bytes for ./www/lib/ionic/js/ng-file-upload/ng-file-upload.min.js
copying file ./www/lib/ionic/scss/_action-sheet.scss ... 
2815 bytes for ./www/lib/ionic/scss/_action-sheet.scss
copying file ./www/lib/ionic/scss/_animations.scss ... 
1153 bytes for ./www/lib/ionic/scss/_animations.scss
copying file ./www/lib/ionic/scss/_backdrop.scss ... 
354 bytes for ./www/lib/ionic/scss/_backdrop.scss
copying file ./www/lib/ionic/scss/_badge.scss ... 
1507 bytes for ./www/lib/ionic/scss/_badge.scss
copying file ./www/lib/ionic/scss/_bar.scss ... 
9707 bytes for ./www/lib/ionic/scss/_bar.scss
copying file ./www/lib/ionic/scss/_button-bar.scss ... 
859 bytes for ./www/lib/ionic/scss/_button-bar.scss
copying file ./www/lib/ionic/scss/_button.scss ... 
6430 bytes for ./www/lib/ionic/scss/_button.scss
copying file ./www/lib/ionic/scss/_checkbox.scss ... 
4626 bytes for ./www/lib/ionic/scss/_checkbox.scss
copying file ./www/lib/ionic/scss/
2018-05-24 08:32:05 +0000  2018-05-24 08:32:05 +0000  /usr/bin/ditto exited with 0
2018-05-24 08:32:05 +0000  _form.scss ... 
5984 bytes for ./www/lib/ionic/scss/_form.scss
copying file ./www/lib/ionic/scss/_grid.scss ... 
2906 bytes for ./www/lib/ionic/scss/_grid.scss
copying file ./www/lib/ionic/scss/_items.scss ... 
19263 bytes for ./www/lib/ionic/scss/_items.scss
copying file ./www/lib/ionic/scss/_list.scss ... 
2383 bytes for ./www/lib/ionic/scss/_list.scss
copying file ./www/lib/ionic/scss/_loading.scss ... 
825 bytes for ./www/lib/ionic/scss/_loading.scss
copying file ./www/lib/ionic/scss/_menu.scss ... 
1000 bytes for ./www/lib/ionic/scss/_menu.scss
copying file ./www/lib/ionic/scss/_mixins.scss ... 
15485 bytes for ./www/lib/ionic/scss/_mixins.scss
copying file ./www/lib/ionic/scss/_modal.scss ... 
2141 bytes for ./www/lib/ionic/scss/_modal.scss
copying file ./www/lib/ionic/scss/_platform.scss ... 
1575 bytes for ./www/lib/ionic/scss/_platform.scss
copying file ./www/lib/ionic/scss/_popover.scss ... 
2998 bytes for ./www/lib/ionic/scss/_popover.scss
copying file ./www/lib/ionic/scss/_popup.scss ... 
2014 bytes for ./www/lib/ionic/scss/_popup.scss
copying file ./www/lib/ionic/scss/_progress.scss ... 
161 bytes for ./www/lib/ionic/scss/_progress.scss
copying file ./www/lib/ionic/scss/_radio.scss ... 
1201 bytes for ./www/lib/ionic/scss/_radio.scss
copying file ./www/lib/ionic/scss/_range.scss ... 
2830 bytes for ./www/lib/ionic/scss/_range.scss
copying file ./www/lib/ionic/scss/_refresher.scss ... 
2571 bytes for ./www/lib/ionic/scss/_refresher.scss
copying file ./www/lib/ionic/scss/_reset.scss ... 
6919 bytes for ./www/lib/ionic/scss/_reset.scss
copying file ./www/lib/ionic/scss/_scaffolding.scss ... 
5070 bytes for ./www/lib/ionic/scss/_scaffolding.scss
copying file ./www/lib/ionic/scss/_select.scss ... 
2597 bytes for ./www/lib/ionic/scss/_select.scss
copying file ./www/lib/ionic/scss/_slide-box.scss ... 
828 bytes for ./www/lib/ionic/scss/_slide-box.scss
copying file ./www/lib/ionic/scss/_spinner.scss ... 
1408 bytes for ./www/lib/ionic/scss/_spinner.scss
copying file ./www/lib/ionic/scss/_tabs.scss ... 
13205 bytes for ./www/lib/ionic/scss/_tabs.scss
copying file ./www/lib/ionic/scss/_toggle.scss ... 
5100 bytes for ./www/lib/ionic/scss/_toggle.scss
copying file ./www/lib/ionic/scss/_transitions.scss ... 
3878 bytes for ./www/lib/ionic/scss/_transitions.scss
copying file ./www/lib/ionic/scss/_type.scss ... 
2845 bytes for ./www/lib/ionic/scss/_type.scss
copying file ./www/lib/ionic/scss/_util.scss ... 
4771 bytes for ./www/lib/ionic/scss/_util.scss
copying file ./www/lib/ionic/scss/_variables.scss ... 
31741 bytes for ./www/lib/ionic/scss/_variables.scss
copying file ./www/lib/ionic/scss/ionic.scss ... 
595 bytes for ./www/lib/ionic/scss/ionic.scss
copying file ./www/lib/ionic/scss/ionicons/_ionicons-font.scss ... 
890 bytes for ./www/lib/ionic/scss/ionicons/_ionicons-font.scss
copying file ./www/lib/ionic/scss/ionicons/_ionicons-icons.scss ... 
91501 bytes for ./www/lib/ionic/scss/ionicons/_ionicons-icons.scss
copying file ./www/lib/ionic/scss/ionicons/_ionicons-variables.scss ... 
27507 bytes for ./www/lib/ionic/scss/ionicons/_ionicons-variables.scss
copying file ./www/lib/ionic/scss/ionicons/ionicons.scss ... 
563 bytes for ./www/lib/ionic/scss/ionicons/ionicons.scss
copying file ./www/lib/ionic/version.json ... 
112 bytes for ./www/lib/ionic/version.json
copying file ./www/lib/layer/extend/layer.ext.js ... 
4589 bytes for ./www/lib/layer/extend/layer.ext.js
copying file ./www/lib/layer/layer.js ... 
14952 bytes for ./www/lib/layer/layer.js
copying file ./www/lib/layer/mobile/layer.js ... 
3302 bytes for ./www/lib/layer/mobile/layer.js
copying file ./www/lib/layer/mobile/need/layer.css ... 
5260 bytes for ./www/lib/layer/mobile/need/layer.css
copying file ./www/lib/layer/skin/blue/images/bodybg.png ... 
2799 bytes for ./www/lib/layer/skin/blue/images/bodybg.png
copying file ./www/lib/layer/skin/blue/images/layerbg.png ... 
2799 bytes for ./www/lib/layer/skin/blue/images/layerbg.png
copying file ./www/lib/layer/skin/blue/style.css ... 
1200 bytes for ./www/lib/layer/skin/blue/style.css
copying file ./www/lib/layer/

2018-05-24 08:32:05 +0000  Processing step: IDEDistributionEmbedProfileStep
2018-05-24 08:32:05 +0000  Processing step: IDEDistributionAppThinningPlistStep
2018-05-24 08:32:05 +0000  Skipping step: IDEDistributionAppThinningPlistStep because it said so
2018-05-24 08:32:05 +0000  Processing step: IDEDistributionCompileBitcodeStep
2018-05-24 08:32:05 +0000  Skipping step: IDEDistributionCompileBitcodeStep because it said so
2018-05-24 08:32:05 +0000  Processing step: IDEDistributionCodeSlimmingStep
2018-05-24 08:32:05 +0000  Processing step: IDEDistributionCopyBCSymbolMapsStep
2018-05-24 08:32:05 +0000  Skipping step: IDEDistributionCopyBCSymbolMapsStep because it said so
2018-05-24 08:32:05 +0000  Processing step: IDEDistributionSymbolsStep
2018-05-24 08:32:05 +0000  Skipping step: IDEDistributionSymbolsStep because it said so
2018-05-24 08:32:05 +0000  Processing step: IDEDistributionAppThinningStep
2018-05-24 08:32:05 +0000  Skipping step: IDEDistributionAppThinningStep because it said so
2018-05-24 08:32:05 +0000  Processing step: IDEDistributionODRStep
2018-05-24 08:32:05 +0000  Processing step: IDEDistributionStripXattrsStep
2018-05-24 08:32:05 +0000  Running /usr/bin/xattr '-crs' '/var/folders/8h/x_7jc6_j29ndv7qg7nz67b2m0000gn/T/XcodeDistPipeline.rCH/Root/Payload/szwzb.app'
2018-05-24 08:32:07 +0000  
2018-05-24 08:32:07 +0000  
2018-05-24 08:32:07 +0000  
2018-05-24 08:32:07 +0000  /usr/bin/xattr exited with 0
2018-05-24 08:32:07 +0000  2018-05-24 08:32:07 +0000  Processing step: IDEDistributionCodesignStep
2018-05-24 08:32:07 +0000  

2018-05-24 08:32:07 +0000  Entitlements for <IDEDistributionItem: 0x7fb1b2db9db0 'com.huarun.szwzb' '<DVTFilePath:0x7fb1b2aeea90:'/Users/xhz/Library/Developer/Xcode/Archives/2018-05-24/szwzb 2018-5-24 下午4.26.xcarchive/Products/Applications/szwzb.app'>'>: {
    "application-identifier" = "UZQ288R7ZM.com.huarun.szwzb";
    "com.apple.developer.team-identifier" = UZQ288R7ZM;
    "get-task-allow" = 1;
}
2018-05-24 08:32:07 +0000  Writing entitlements for <IDEDistributionItem: 0x7fb1b2db9db0 'com.huarun.szwzb' '<DVTFilePath:0x7fb1b2aeea90:'/Users/xhz/Library/Developer/Xcode/Archives/2018-05-24/szwzb 2018-5-24 下午4.26.xcarchive/Products/Applications/szwzb.app'>'> to: /var/folders/8h/x_7jc6_j29ndv7qg7nz67b2m0000gn/T/XcodeDistPipeline.rCH/entitlementswepMa4
2018-05-24 08:32:07 +0000  Running /usr/bin/codesign '-vvv' '--force' '--sign' '76D8239FBCDB31214512B68140931F5027AD3C1C' '--preserve-metadata=identifier,flags' '--entitlements' '/var/folders/8h/x_7jc6_j29ndv7qg7nz67b2m0000gn/T/XcodeDistPipeline.rCH/entitlementswepMa4' '/var/folders/8h/x_7jc6_j29ndv7qg7nz67b2m0000gn/T/XcodeDistPipeline.rCH/Root/Payload/szwzb.app'
2018-05-24 08:32:07 +0000  /var/folders/8h/x_7jc6_j29ndv7qg7nz67b2m0000gn/T/XcodeDistPipeline.rCH/Root/Payload/szwzb.app: replacing existing signature
2018-05-24 08:32:07 +0000  /var/folders/8h/x_7jc6_j29ndv7qg7nz67b2m0000gn/T/XcodeDistPipeline.rCH/Root/Payload/szwzb.app: signed app bundle with Mach-O universal (armv7 arm64) [com.huarun.szwzb]
2018-05-24 08:32:07 +0000  
2018-05-24 08:32:07 +0000  
2018-05-24 08:32:07 +0000  
2018-05-24 08:32:07 +0000  /usr/bin/codesign exited with 0
2018-05-24 08:32:07 +0000  
2018-05-24 08:32:07 +0000  
2018-05-24 08:32:07 +0000  Processing step: IDEDistributionStreamingZipItemStep
2018-05-24 08:32:07 +0000  Skipping step: IDEDistributionStreamingZipItemStep because it said so
2018-05-24 08:32:07 +0000  Processing step: IDEDistributionCreateIPAStep
2018-05-24 08:32:07 +0000  Running /usr/bin/ditto '-V' '-c' '-k' '--norsrc' '/var/folders/8h/x_7jc6_j29ndv7qg7nz67b2m0000gn/T/XcodeDistPipeline.rCH/Root' '/var/folders/8h/x_7jc6_j29ndv7qg7nz67b2m0000gn/T/XcodeDistPipeline.rCH/Packages/szwzb.ipa'
2018-05-24 08:32:07 +0000  >>> Copying /var/folders/8h/x_7jc6_j29ndv7qg7nz67b2m0000gn/T/XcodeDistPipeline.rCH/Root 
2018-05-24 08:32:07 +0000  copying file ./Payload/szwzb.app/_CodeSignature/CodeResources ... 
2018-05-24 08:32:07 +0000  64773 bytes for ./Payload/szwzb.app/_CodeSignature/CodeResources
2018-05-24 08:32:07 +0000  copying file ./Payload/szwzb.app/AppIcon29x29.png ... 
1296 bytes for ./Payload/szwzb.app/AppIcon29x29.png
copying file ./Payload/szwzb.app/AppIcon29x29@2x.png ... 
2018-05-24 08:32:07 +0000  3385 bytes for ./Payload/szwzb.app/AppIcon29x29@2x.png
copying file ./Payload/szwzb.app/AppIcon29x29@2x~ipad.png ... 
2018-05-24 08:32:07 +0000  3385 bytes for ./Payload/szwzb.app/AppIcon29x29@2x~ipad.png
copying file ./Payload/szwzb.app/AppIcon29x29@3x.png ... 
2018-05-24 08:32:07 +0000  5778 bytes for ./Payload/szwzb.app/AppIcon29x29@3x.png
copying file ./Payload/szwzb.app/AppIcon29x29~ipad.png ... 
1296 bytes for ./Payload/szwzb.app/AppIcon29x29~ipad.png
copying file ./Payload/szwzb.app/AppIcon40x40@2x.png ... 
2018-05-24 08:32:07 +0000  5471 bytes for ./Payload/szwzb.app/AppIcon40x40@2x.png
copying file ./Payload/szwzb.app/AppIcon40x40@2x~ipad.png ... 
2018-05-24 08:32:07 +0000  5471 bytes for ./Payload/szwzb.app/AppIcon40x40@2x~ipad.png
copying file ./Payload/szwzb.app/AppIcon40x40@3x.png ... 
2018-05-24 08:32:07 +0000  5543 bytes for ./Payload/szwzb.app/AppIcon40x40@3x.png
copying file ./Payload/szwzb.app/AppIcon40x40~ipad.png ... 
2034 bytes for ./Payload/szwzb.app/AppIcon40x40~ipad.png
copying file ./Payload/szwzb.app/AppIcon50x50@2x~ipad.png ... 
2018-05-24 08:32:07 +0000  6711 bytes for ./Payload/szwzb.app/AppIcon50x50@2x~ipad.png
copying file ./Payload/szwzb.app/AppIcon50x50~ipad.png ... 
2018-05-24 08:32:07 +0000  2833 bytes for ./Payload/szwzb.app/AppIcon50x50~ipad.png
copying file ./Payload/szwzb.app/AppIcon57x57.png ... 
2018-05-24 08:32:07 +0000  3417 bytes for ./Payload/szwzb.app/AppIcon57x57.png
copying file ./Payload/szwzb.app/AppIcon57x57@2x.png ... 
2018-05-24 08:32:07 +0000  7584 bytes for ./Payload/szwzb.app/AppIcon57x57@2x.png
copying file ./Payload/szwzb.app/AppIcon60x60@2x.png ... 
2018-05-24 08:32:07 +0000  5543 bytes for ./Payload/szwzb.app/AppIcon60x60@2x.png
copying file ./Payload/szwzb.app/AppIcon60x60@3x.png ... 
2018-05-24 08:32:07 +0000  8315 bytes for ./Payload/szwzb.app/AppIcon60x60@3x.png
copying file ./Payload/szwzb.app/AppIcon72x72@2x~ipad.png ... 
2018-05-24 08:32:07 +0000  10291 bytes for ./Payload/szwzb.app/AppIcon72x72@2x~ipad.png
copying file ./Payload/szwzb.app/AppIcon72x72~ipad.png ... 
2018-05-24 08:32:07 +0000  5057 bytes for ./Payload/szwzb.app/AppIcon72x72~ipad.png
copying file ./Payload/szwzb.app/AppIcon76x76@2x~ipad.png ... 
2018-05-24 08:32:07 +0000  10353 bytes for ./Payload/szwzb.app/AppIcon76x76@2x~ipad.png
copying file ./Payload/szwzb.app/AppIcon76x76~ipad.png ... 
2018-05-24 08:32:07 +0000  5221 bytes for ./Payload/szwzb.app/AppIcon76x76~ipad.png
copying file ./Payload/szwzb.app/AppIcon83.5x83.5@2x~ipad.png ... 
2018-05-24 08:32:07 +0000  10678 bytes for ./Payload/szwzb.app/AppIcon83.5x83.5@2x~ipad.png
2018-05-24 08:32:07 +0000  copying file ./Payload/szwzb.app/Assets.car ... 
2018-05-24 08:32:07 +0000  845176 bytes for ./Payload/szwzb.app/Assets.car
2018-05-24 08:32:07 +0000  copying file ./Payload/szwzb.app/CDVLaunchScreen.storyboardc/01J-lp-oVM-view-Ze5-6b-2t3.nib ... 
2018-05-24 08:32:07 +0000  2282 bytes for ./Payload/szwzb.app/CDVLaunchScreen.storyboardc/01J-lp-oVM-view-Ze5-6b-2t3.nib
copying file ./Payload/szwzb.app/CDVLaunchScreen.storyboardc/Info.plist ... 
2018-05-24 08:32:07 +0000  258 bytes for ./Payload/szwzb.app/CDVLaunchScreen.storyboardc/Info.plist
copying file ./Payload/szwzb.app/CDVLaunchScreen.storyboardc/UIViewController-01J-lp-oVM.nib ... 
832 bytes for ./Payload/szwzb.app/CDVLaunchScreen.storyboardc/UIViewController-01J-lp-oVM.nib
copying file ./Payload/szwzb.app/config.xml ... 
2018-05-24 08:32:07 +0000  2528 bytes for ./Payload/szwzb.app/config.xml
copying file ./Payload/szwzb.app/embedded.mobileprovision ... 
2018-05-24 08:32:07 +0000  12345 bytes for ./Payload/szwzb.app/embedded.mobileprovision
copying file ./Payload/szwzb.app/Info.plist ... 
2018-05-24 08:32:07 +0000  1550 bytes for ./Payload/szwzb.app/Info.plist
copying file ./Payload/szwzb.app/MainViewController.nib ... 
2018-05-24 08:32:07 +0000  943 bytes for ./Payload/szwzb.app/MainViewController.nib
copying file ./Payload/szwzb.app/PkgInfo ... 
8 bytes for ./Payload/szwzb.app/PkgInfo
copying file ./Payload/szwzb.app/scannerOverlay.nib ... 
1462 bytes for ./Payload/szwzb.app/scannerOverlay.nib
copying file ./Payload/szwzb.app/szwzb ... 
2018-05-24 08:32:07 +0000  994848 bytes for ./Payload/szwzb.app/szwzb
2018-05-24 08:32:07 +0000  copying file ./Payload/szwzb.app/www/cordova-js-src/exec.js ... 
2018-05-24 08:32:07 +0000  8877 bytes for ./Payload/szwzb.app/www/cordova-js-src/exec.js
copying file ./Payload/szwzb.app/www/cordova-js-src/platform.js ... 
2018-05-24 08:32:07 +0000  943 bytes for ./Payload/szwzb.app/www/cordova-js-src/platform.js
copying file ./Payload/szwzb.app/www/cordova.js ... 
2018-05-24 08:32:07 +0000  61623 bytes for ./Payload/szwzb.app/www/cordova.js
copying file ./Payload/szwzb.app/www/cordova_plugins.js ... 
2018-05-24 08:32:07 +0000  1087 bytes for ./Payload/szwzb.app/www/cordova_plugins.js
copying file ./Payload/szwzb.app/www/css/style.css ... 
2018-05-24 08:32:07 +0000  18436 bytes for ./Payload/szwzb.app/www/css/style.css
2018-05-24 08:32:07 +0000  copying file ./Payload/szwzb.app/www/fonts/demo.css ... 
2018-05-24 08:32:07 +0000  6274 bytes for ./Payload/szwzb.app/www/fonts/demo.css
copying file ./Payload/szwzb.app/www/fonts/demo_fontclass.html ... 
2018-05-24 08:32:07 +0000  6200 bytes for ./Payload/szwzb.app/www/fonts/demo_fontclass.html
copying file ./Payload/szwzb.app/www/fonts/demo_symbol.html ... 
2018-05-24 08:32:07 +0000  8832 bytes for ./Payload/szwzb.app/www/fonts/demo_symbol.html
copying file ./Payload/szwzb.app/www/fonts/demo_unicode.html ... 
7490 bytes for ./Payload/szwzb.app/www/fonts/demo_unicode.html
copying file ./Payload/szwzb.app/www/fonts/iconfont.css ... 
2018-05-24 08:32:07 +0000  1471 bytes for ./Payload/szwzb.app/www/fonts/iconfont.css
copying file ./Payload/szwzb.app/www/fonts/iconfont.eot ... 
2018-05-24 08:32:07 +0000  13250 bytes for ./Payload/szwzb.app/www/fonts/iconfont.eot
copying file ./Payload/szwzb.app/www/fonts/iconfont.js ... 
2018-05-24 08:32:07 +0000  24507 bytes for ./Payload/szwzb.app/www/fonts/iconfont.js
copying file ./Payload/szwzb.app/www/fonts/iconfont.svg ... 
2018-05-24 08:32:07 +0000  11858 bytes for ./Payload/szwzb.app/www/fonts/iconfont.svg
copying file ./Payload/szwzb.app/www/fonts/iconfont.ttf ... 
2018-05-24 08:32:07 +0000  12968 bytes for ./Payload/szwzb.app/www/fonts/iconfont.ttf
copying file ./Payload/szwzb.app/www/fonts/iconfont.woff ... 
2018-05-24 08:32:07 +0000  7944 bytes for ./Payload/szwzb.app/www/fonts/iconfont.woff
2018-05-24 08:32:07 +0000  copying file ./Payload/szwzb.app/www/img/h3libg.png ... 
2018-05-24 08:32:07 +0000  2798 bytes for ./Payload/szwzb.app/www/img/h3libg.png
copying file ./Payload/szwzb.app/www/img/img1.jpg ... 
2376 bytes for ./Payload/szwzb.app/www/img/img1.jpg
copying file ./Payload/szwzb.app/www/img/loginbg.jpg ... 
2018-05-24 08:32:07 +0000  70753 bytes for ./Payload/szwzb.app/www/img/loginbg.jpg
copying file ./Payload/szwzb.app/www/img/logo.png ... 
2018-05-24 08:32:07 +0000  6108 bytes for ./Payload/szwzb.app/www/img/logo.png
2018-05-24 08:32:07 +0000  copying file ./Payload/szwzb.app/www/img/logo1.png ... 
2018-05-24 08:32:07 +0000  13730 bytes for ./Payload/szwzb.app/www/img/logo1.png
copying file ./Payload/szwzb.app/www/img/sybg.jpg ... 
2018-05-24 08:32:07 +0000  30279 bytes for ./Payload/szwzb.app/www/img/sybg.jpg
2018-05-24 08:32:07 +0000  copying file ./Payload/szwzb.app/www/index.html ... 
1810 bytes for ./Payload/szwzb.app/www/index.html
2018-05-24 08:32:07 +0000  copying file ./Payload/szwzb.app/www/js/app.js ... 
2018-05-24 08:32:07 +0000  9109 bytes for ./Payload/szwzb.app/www/js/app.js
copying file ./Payload/szwzb.app/www/js/controllers.js ... 
2018-05-24 08:32:07 +0000  64843 bytes for ./Payload/szwzb.app/www/js/controllers.js
copying file ./Payload/szwzb.app/www/js/jquery.min.js ... 
2018-05-24 08:32:07 +0000  95992 bytes for ./Payload/szwzb.app/www/js/jquery.min.js
copying file ./Payload/szwzb.app/www/js/jsmpeg.min.js ... 
2018-05-24 08:32:07 +0000  71879 bytes for ./Payload/szwzb.app/www/js/jsmpeg.min.js
copying file ./Payload/szwzb.app/www/js/mobiscroll.custom-2.6.2.min.css ... 
2018-05-24 08:32:07 +0000  38004 bytes for ./Payload/szwzb.app/www/js/mobiscroll.custom-2.6.2.min.css
copying file ./Payload/szwzb.app/www/js/mobiscroll.custom-2.6.2.min.js ... 
2018-05-24 08:32:07 +0000  43737 bytes for ./Payload/szwzb.app/www/js/mobiscroll.custom-2.6.2.min.js
copying file ./Payload/szwzb.app/www/js/mui.min.js ... 
2018-05-24 08:32:07 +0000  144298 bytes for ./Payload/szwzb.app/www/js/mui.min.js
copying file ./Payload/szwzb.app/www/js/services.js ... 
2018-05-24 08:32:07 +0000  5811 bytes for ./Payload/szwzb.app/www/js/services.js
2018-05-24 08:32:07 +0000  copying file ./Payload/szwzb.app/www/lib/ionic/css/ionic.css ... 
2018-05-24 08:32:07 +0000  219272 bytes for ./Payload/szwzb.app/www/lib/ionic/css/ionic.css
2018-05-24 08:32:07 +0000  copying file ./Payload/szwzb.app/www/lib/ionic/css/ionic.min.css ... 
2018-05-24 08:32:07 +0000  173446 bytes for ./Payload/szwzb.app/www/lib/ionic/css/ionic.min.css
2018-05-24 08:32:07 +0000  copying file ./Payload/szwzb.app/www/lib/ionic/fonts/ionicons.eot ... 
2018-05-24 08:32:07 +0000  120724 bytes for ./Payload/szwzb.app/www/lib/ionic/fonts/ionicons.eot
copying file ./Payload/szwzb.app/www/lib/ionic/fonts/ionicons.svg ... 
2018-05-24 08:32:07 +0000  333834 bytes for ./Payload/szwzb.app/www/lib/ionic/fonts/ionicons.svg
copying file ./Payload/szwzb.app/www/lib/ionic/fonts/ionicons.ttf ... 
2018-05-24 08:32:07 +0000  188508 bytes for ./Payload/szwzb.app/www/lib/ionic/fonts/ionicons.ttf
2018-05-24 08:32:07 +0000  copying file ./Payload/szwzb.app/www/lib/ionic/fonts/ionicons.woff ... 
2018-05-24 08:32:07 +0000  67904 bytes for ./Payload/szwzb.app/www/lib/ionic/fonts/ionicons.woff
2018-05-24 08:32:07 +0000  copying file ./Payload/szwzb.app/www/lib/ionic/js/angular/angular-animate.js ... 
2018-05-24 08:32:07 +0000  104238 bytes for ./Payload/szwzb.app/www/lib/ionic/js/angular/angular-animate.js
copying file ./Payload/szwzb.app/www/lib/ionic/js/angular/angular-animate.min.js ... 
2018-05-24 08:32:07 +0000  13465 bytes for ./Payload/szwzb.app/www/lib/ionic/js/angular/angular-animate.min.js
copying file ./Payload/szwzb.app/www/lib/ionic/js/angular/angular-resource.js ... 
2018-05-24 08:32:07 +0000  26774 bytes for ./Payload/szwzb.app/www/lib/ionic/js/angular/angular-resource.js
copying file ./Payload/szwzb.app/www/lib/ionic/js/angular/angular-resource.min.js ... 
2018-05-24 08:32:07 +0000  3582 bytes for ./Payload/szwzb.app/www/lib/ionic/js/angular/angular-resource.min.js
copying file ./Payload/szwzb.app/www/lib/ionic/js/angular/angular-sanitize.js ... 
2018-05-24 08:32:07 +0000  24099 bytes for ./Payload/szwzb.app/www/lib/ionic/js/angular/angular-sanitize.js
2018-05-24 08:32:07 +0000  copying file ./Payload/szwzb.app/www/lib/ionic/js/angular/angular-sanitize.min.js ... 
2018-05-24 08:32:07 +0000  6189 bytes for ./Payload/szwzb.app/www/lib/ionic/js/angular/angular-sanitize.min.js
copying file ./Payload/szwzb.app/www/lib/ionic/js/angular/angular.js ... 
2018-05-24 08:32:07 +0000  952665 bytes for ./Payload/szwzb.app/www/lib/ionic/js/angular/angular.js
copying file ./Payload/szwzb.app/www/lib/ionic/js/angular/angular.min.js ... 
2018-05-24 08:32:07 +0000  125539 bytes for ./Payload/szwzb.app/www/lib/ionic/js/angular/angular.min.js
2018-05-24 08:32:07 +0000  copying file ./Payload/szwzb.app/www/lib/ionic/js/angular-ui/angular-ui-router.js ... 
2018-05-24 08:32:07 +0000  156740 bytes for ./Payload/szwzb.app/www/lib/ionic/js/angular-ui/angular-ui-router.js
copying file ./Payload/szwzb.app/www/lib/ionic/js/angular-ui/angular-ui-router.min.js ... 
2018-05-24 08:32:07 +0000  28684 bytes for ./Payload/szwzb.app/www/lib/ionic/js/angular-ui/angular-ui-router.min.js
2018-05-24 08:32:07 +0000  copying file ./Payload/szwzb.app/www/lib/ionic/js/ionic-angular.js ... 
2018-05-24 08:32:07 +0000  418442 bytes for ./Payload/szwzb.app/www/lib/ionic/js/ionic-angular.js
copying file ./Payload/szwzb.app/www/lib/ionic/js/ionic-angular.min.js ... 
2018-05-24 08:32:07 +0000  114355 bytes for ./Payload/szwzb.app/www/lib/ionic/js/ionic-angular.min.js
copying file ./Payload/szwzb.app/www/lib/ionic/js/ionic.bundle.js ... 
2018-05-24 08:32:08 +0000  1916801 bytes for ./Payload/szwzb.app/www/lib/ionic/js/ionic.bundle.js
copying file ./Payload/szwzb.app/www/lib/ionic/js/ionic.bundle.min.js ... 
2018-05-24 08:32:08 +0000  378715 bytes for ./Payload/szwzb.app/www/lib/ionic/js/ionic.bundle.min.js
copying file ./Payload/szwzb.app/www/lib/ionic/js/ionic.js ... 
2018-05-24 08:32:08 +0000  259616 bytes for ./Payload/szwzb.app/www/lib/ionic/js/ionic.js
copying file ./Payload/szwzb.app/www/lib/ionic/js/ionic.min.js ... 
2018-05-24 08:32:08 +0000  89482 bytes for ./Payload/szwzb.app/www/lib/ionic/js/ionic.min.js
2018-05-24 08:32:08 +0000  copying file ./Payload/szwzb.app/www/lib/ionic/js/ng-dialog/myth/ngDialog-theme-default.css ... 
3371 bytes for ./Payload/szwzb.app/www/lib/ionic/js/ng-dialog/myth/ngDialog-theme-default.css
copying file ./Payload/szwzb.app/www/lib/ionic/js/ng-dialog/myth/ngDialog-theme-plain.css ... 
2018-05-24 08:32:08 +0000  3234 bytes for ./Payload/szwzb.app/www/lib/ionic/js/ng-dialog/myth/ngDialog-theme-plain.css
copying file ./Payload/szwzb.app/www/lib/ionic/js/ng-dialog/myth/ngDialog.css ... 
1546 bytes for ./Payload/szwzb.app/www/lib/ionic/js/ng-dialog/myth/ngDialog.css
copying file ./Payload/szwzb.app/www/lib/ionic/js/ng-dialog/ngDialog-custom-width.css ... 
84 bytes for ./Payload/szwzb.app/www/lib/ionic/js/ng-dialog/ngDialog-custom-width.css
2018-05-24 08:32:08 +0000  copying file ./Payload/szwzb.app/www/lib/ionic/js/ng-dialog/ngDialog-theme-default.css ... 
4280 bytes for ./Payload/szwzb.app/www/lib/ionic/js/ng-dialog/ngDialog-theme-default.css
copying file ./Payload/szwzb.app/www/lib/ionic/js/ng-dialog/ngDialog-theme-default.min.css ... 
2018-05-24 08:32:08 +0000  3561 bytes for ./Payload/szwzb.app/www/lib/ionic/js/ng-dialog/ngDialog-theme-default.min.css
copying file ./Payload/szwzb.app/www/lib/ionic/js/ng-dialog/ngDialog-theme-plain.css ... 
3396 bytes for ./Payload/szwzb.app/www/lib/ionic/js/ng-dialog/ngDialog-theme-plain.css
copying file ./Payload/szwzb.app/www/lib/ionic/js/ng-dialog/ngDialog-theme-plain.min.css ... 
2018-05-24 08:32:08 +0000  2998 bytes for ./Payload/szwzb.app/www/lib/ionic/js/ng-dialog/ngDialog-theme-plain.min.css
copying file ./Payload/szwzb.app/www/lib/ionic/js/ng-dialog/ngDialog.css ... 
1857 bytes for ./Payload/szwzb.app/www/lib/ionic/js/ng-dialog/ngDialog.css
copying file ./Payload/szwzb.app/www/lib/ionic/js/ng-dialog/ngDialog.js ... 
2018-05-24 08:32:08 +0000  41921 bytes for ./Payload/szwzb.app/www/lib/ionic/js/ng-dialog/ngDialog.js
copying file ./Payload/szwzb.app/www/lib/ionic/js/ng-dialog/ngDialog.min.css ... 
2018-05-24 08:32:08 +0000  1473 bytes for ./Payload/szwzb.app/www/lib/ionic/js/ng-dialog/ngDialog.min.css
copying file ./Payload/szwzb.app/www/lib/ionic/js/ng-dialog/ngDialog.min.js ... 
2018-05-24 08:32:08 +0000  12328 bytes for ./Payload/szwzb.app/www/lib/ionic/js/ng-dialog/ngDialog.min.js
2018-05-24 08:32:08 +0000  copying file ./Payload/szwzb.app/www/lib/ionic/js/ng-file-upload/FileAPI.flash.swf ... 
2018-05-24 08:32:08 +0000  71214 bytes for ./Payload/szwzb.app/www/lib/ionic/js/ng-file-upload/FileAPI.flash.swf
copying file ./Payload/szwzb.app/www/lib/ionic/js/ng-file-upload/FileAPI.js ... 
2018-05-24 08:32:08 +0000  104332 bytes for ./Payload/szwzb.app/www/lib/ionic/js/ng-file-upload/FileAPI.js
copying file ./Payload/szwzb.app/www/lib/ionic/js/ng-file-upload/FileAPI.min.js ... 
2018-05-24 08:32:08 +0000  44031 bytes for ./Payload/szwzb.app/www/lib/ionic/js/ng-file-upload/FileAPI.min.js
copying file ./Payload/szwzb.app/www/lib/ionic/js/ng-file-upload/ng-file-upload-all.js ... 
2018-05-24 08:32:08 +0000  92827 bytes for ./Payload/szwzb.app/www/lib/ionic/js/ng-file-upload/ng-file-upload-all.js
copying file ./Payload/szwzb.app/www/lib/ionic/js/ng-file-upload/ng-file-upload-all.min.js ... 
2018-05-24 08:32:08 +0000  43738 bytes for ./Payload/szwzb.app/www/lib/ionic/js/ng-file-upload/ng-file-upload-all.min.js
copying file ./Payload/szwzb.app/www/lib/ionic/js/ng-file-upload/ng-file-upload-shim.js ... 
2018-05-24 08:32:08 +0000  14393 bytes for ./Payload/szwzb.app/www/lib/ionic/js/ng-file-upload/ng-file-upload-shim.js
copying file ./Payload/szwzb.app/www/lib/ionic/js/ng-file-upload/ng-file-upload-shim.min.js ... 
2018-05-24 08:32:08 +0000  7261 bytes for ./Payload/szwzb.app/www/lib/ionic/js/ng-file-upload/ng-file-upload-shim.min.js
2018-05-24 08:32:08 +0000  copying file ./Payload/szwzb.app/www/lib/ionic/js/ng-file-upload/ng-file-upload.js ... 
2018-05-24 08:32:08 +0000  78433 bytes for ./Payload/szwzb.app/www/lib/ionic/js/ng-file-upload/ng-file-upload.js
copying file ./Payload/szwzb.app/www/lib/ionic/js/ng-file-upload/ng-file-upload.min.js ... 
2018-05-24 08:32:08 +0000  36489 bytes for ./Payload/szwzb.app/www/lib/ionic/js/ng-file-upload/ng-file-upload.min.js
2018-05-24 08:32:08 +0000  copying file ./Payload/szwzb.app/www/lib/ionic/scss/_action-sheet.scss ... 
2815 bytes for ./Payload/szwzb.app/www/lib/ionic/scss/_action-sheet.scss
copying file ./Payload/szwzb.app/www/lib/ionic/scss/_animations.scss ... 
2018-05-24 08:32:08 +0000  1153 bytes for ./Payload/szwzb.app/www/lib/ionic/scss/_animations.scss
copying file ./Payload/szwzb.app/www/lib/ionic/scss/_backdrop.scss ... 
354 bytes for ./Payload/szwzb.app/www/lib/ionic/scss/_backdrop.scss
copying file ./Payload/szwzb.app/www/lib/ionic/scss/_badge.scss ... 
2018-05-24 08:32:08 +0000  1507 bytes for ./Payload/szwzb.app/www/lib/ionic/scss/_badge.scss
copying file ./Payload/szwzb.app/www/lib/ionic/scss/_bar.scss ... 
2018-05-24 08:32:08 +0000  9707 bytes for ./Payload/szwzb.app/www/lib/ionic/scss/_bar.scss
copying file ./Payload/szwzb.app/www/lib/ionic/scss/_button-bar.scss ... 
859 bytes for ./Payload/szwzb.app/www/lib/ionic/scss/_button-bar.scss
2018-05-24 08:32:08 +0000  copying file ./Payload/szwzb.app/www/lib/ionic/scss/_button.scss ... 
6430 bytes for ./Payload/szwzb.app/www/lib/ionic/scss/_button.scss
copying file ./Payload/szwzb.app/www/lib/ionic/scss/_checkbox.scss ... 
2018-05-24 08:32:08 +0000  4626 bytes for ./Payload/szwzb.app/www/lib/ionic/scss/_checkbox.scss
copying file ./Payload/szwzb.app/www/lib/ionic/scss/_form.scss ... 
2018-05-24 08:32:08 +0000  5984 bytes for ./Payload/szwzb.app/www/lib/ionic/scss/_form.scss
copying file ./Payload/szwzb.app/www/lib/ionic/scss/_grid.scss ... 
2018-05-24 08:32:08 +0000  2906 bytes for ./Payload/szwzb.app/www/lib/ionic/scss/_grid.scss
copying file ./Payload/szwzb.app/www/lib/ionic/scss/_items.scss ... 
2018-05-24 08:32:08 +0000  19263 bytes for ./Payload/szwzb.app/www/lib/ionic/scss/_items.scss
copying file ./Payload/szwzb.app/www/lib/ionic/scss/_list.scss ... 
2018-05-24 08:32:08 +0000  2383 bytes for ./Payload/szwzb.app/www/lib/ionic/scss/_list.scss
copying file ./Payload/szwzb.app/www/lib/ionic/scss/_loading.scss ... 
2018-05-24 08:32:08 +0000  825 bytes for ./Payload/szwzb.app/www/lib/ionic/scss/_loading.scss
copying file ./Payload/szwzb.app/www/lib/ionic/scss/_menu.scss ... 
1000 bytes for ./Payload/szwzb.app/www/lib/ionic/scss/_menu.scss
copying file ./Payload/szwzb.app/www/lib/ionic/scss/_mixins.scss ... 
2018-05-24 08:32:08 +0000  15485 bytes for ./Payload/szwzb.app/www/lib/ionic/scss/_mixins.scss
copying file ./Payload/szwzb.app/www/lib/ionic/scss/_modal.scss ... 
2018-05-24 08:32:08 +0000  2141 bytes for ./Payload/szwzb.app/www/lib/ionic/scss/_modal.scss
copying file ./Payload/szwzb.app/www/lib/ionic/scss/_platform.scss ... 
2018-05-24 08:32:08 +0000  1575 bytes for ./Payload/szwzb.app/www/lib/ionic/scss/_platform.scss
copying file ./Payload/szwzb.app/www/lib/ionic/scss/_popover.scss ... 
2018-05-24 08:32:08 +0000  2998 bytes for ./Payload/szwzb.app/www/lib/ionic/scss/_popover.scss
copying file ./Payload/szwzb.app/www/lib/ionic/scss/_popup.scss ... 
2014 bytes for ./Payload/szwzb.app/www/lib/ionic/scss/_popup.scss
copying file ./Payload/szwzb.app/www/lib/ionic/scss/_progress.scss ... 
2018-05-24 08:32:08 +0000  161 bytes for ./Payload/szwzb.app/www/lib/ionic/scss/_progress.scss
copying file ./Payload/szwzb.app/www/lib/ionic/scss/_radio.scss ... 
1201 bytes for ./Payload/szwzb.app/www/lib/ionic/scss/_radio.scss
copying file ./Payload/szwzb.app/www/lib/ionic/scss/_range.scss ... 
2018-05-24 08:32:08 +0000  2830 bytes for ./Payload/szwzb.app/www/lib/ionic/scss/_range.scss
copying file ./Payload/szwzb.app/www/lib/ionic/scss/_refresher.scss ... 
2018-05-24 08:32:08 +0000  2571 bytes for ./Payload/szwzb.app/www/lib/ionic/scss/_refresher.scss
copying file ./Payload/szwzb.app/www/lib/ionic/scss/_reset.scss ... 
2018-05-24 08:32:08 +0000  6919 bytes for ./Payload/szwzb.app/www/lib/ionic/scss/_reset.scss
copying file ./Payload/szwzb.app/www/lib/ionic/scss/_scaffolding.scss ... 
2018-05-24 08:32:08 +0000  5070 bytes for ./Payload/szwzb.app/www/lib/ionic/scss/_scaffolding.scss
copying file ./Payload/szwzb.app/www/lib/ionic/scss/_select.scss ... 
2018-05-24 08:32:08 +0000  2597 bytes for ./Payload/szwzb.app/www/lib/ionic/scss/_select.scss
copying file ./Payload/szwzb.app/www/lib/ionic/scss/_slide-box.scss ... 
2018-05-24 08:32:08 +0000  828 bytes for ./Payload/szwzb.app/www/lib/ionic/scss/_slide-box.scss
copying file ./Payload/szwzb.app/www/lib/ionic/scss/_spinner.scss ... 
1408 bytes for ./Payload/szwzb.app/www/lib/ionic/scss/_spinner.scss
copying file ./Payload/szwzb.app/www/lib/ionic/scss/_tabs.scss ... 
2018-05-24 08:32:08 +0000  13205 bytes for ./Payload/szwzb.app/www/lib/ionic/scss/_tabs.scss
copying file ./Payload/szwzb.app/www/lib/ionic/scss/_toggle.scss ... 
5100 bytes for ./Payload/szwzb.app/www/lib/ionic/scss/_toggle.scss
2018-05-24 08:32:08 +0000  copying file ./Payload/szwzb.app/www/lib/ionic/scss/_transitions.scss ... 
3878 bytes for ./Payload/szwzb.app/www/lib/ionic/scss/_transitions.scss
copying file ./Payload/szwzb.app/www/lib/ionic/scss/_type.scss ... 
2845 bytes for ./Payload/szwzb.app/www/lib/ionic/scss/_type.scss
copying file ./Payload/szwzb.app/www/lib/ionic/scss/_util.scss ... 
4771 bytes for ./Payload/szwzb.app/www/lib/ionic/scss/_util.scss
copying file ./Payload/szwzb.app/www/lib/ionic/scss/_variables.scss ... 
31741 bytes for ./Payload/szwzb.app/www/lib/ionic/scss/_variables.scss
copying file ./Payload/szwzb.app/www/lib/ionic/scss/ionic.scss ... 
595 bytes for ./Payload/szwzb.app/www/lib/ionic/scss/ionic.scss
copying file ./Payload/szwzb.app/www/lib/ionic/scss/ionicons/_ionicons-font.scss ... 
890 bytes for ./Payload/szwzb.app/www/lib/ionic/scss/ionicons/_ionicons-font.scss
copying file ./Payload/szwzb.app/www/lib/ionic/scss/ionicons/_ionicons-icons.scss ... 
2018-05-24 08:32:08 +0000  91501 bytes for ./Payload/szwzb.app/www/lib/ionic/scss/ionicons/_ionicons-icons.scss
copying file ./Payload/szwzb.app/www/lib/ionic/scss/ionicons/_ionicons-variables.scss ... 
2018-05-24 08:32:08 +0000  27507 bytes for ./Payload/szwzb.app/www/lib/ionic/scss/ionicons/_ionicons-variables.scss
copying file ./Payload/szwzb.app/www/lib/ionic/scss/ionicons/ionicons.scss ... 
2018-05-24 08:32:08 +0000  563 bytes for ./Payload/szwzb.app/www/lib/ionic/scss/ionicons/ionicons.scss
copying file ./Payload/szwzb.app/www/lib/ionic/version.json ... 
2018-05-24 08:32:08 +0000  112 bytes for ./Payload/szwzb.app/www/lib/ionic/version.json
copying file ./Payload/szwzb.app/www/lib/layer/extend/layer.ext.js ... 
2018-05-24 08:32:08 +0000  4589 bytes for ./Payload/szwzb.app/www/lib/layer/extend/layer.ext.js
copying file ./Payload/szwzb.app/www/lib/layer/layer.js ... 
2018-05-24 08:32:08 +0000  14952 bytes for ./Payload/szwzb.app/www/lib/layer/layer.js
2018-05-24 08:32:08 +0000  copying file ./Payload/szwzb.app/www/lib/layer/mobile/layer.js ... 
2018-05-24 08:32:08 +0000  3302 bytes for ./Payload/szwzb.app/www/lib/layer/mobile/layer.js
copying file ./Payload/szwzb.app/www/lib/layer/mobile/need/layer.css ... 
2018-05-24 08:32:08 +0000  5260 bytes for ./Payload/szwzb.app/www/lib/layer/mobile/need/layer.css
2018-05-24 08:32:08 +0000  copying file ./Payload/szwzb.app/www/lib/layer/skin/blue/images/bodybg.png ... 
2018-05-24 08:32:08 +0000  2799 bytes for ./Payload/szwzb.app/www/lib/layer/skin/blue/images/bodybg.png
copying file ./Payload/szwzb.app/www/lib/layer/skin/blue/images/layerbg.png ... 
2018-05-24 08:32:08 +0000  2799 bytes for ./Payload/szwzb.app/www/lib/layer/skin/blue/images/layerbg.png
2018-05-24 08:32:08 +0000  copying file ./Payload/szwzb.app/www/lib/layer/skin/blue/style.css ... 
1200 bytes for ./Payload/szwzb.app/www/lib/layer/skin/blue/style.css
copying file ./Payload/szwzb.app/www/lib/layer/skin/default/icon-ext.png ... 
5911 bytes for ./Payload/szwzb.app/www/lib/layer/skin/default/icon-ext.png
copying file ./Payload/szwzb.app/www/lib/layer/skin/default/icon.png ... 
2018-05-24 08:32:08 +0000  15665 bytes for ./Payload/szwzb.app/www/lib/layer/skin/default/icon.png
copying file ./Payload/szwzb.app/www/lib/layer/skin/default/icon1.png ... 
2018-05-24 08:32:08 +0000  12527 bytes for ./Payload/szwzb.app/www/lib/layer/skin/default/icon1.png
copying file ./Payload/szwzb.app/www/lib/layer/skin/default/layer.css ... 
2018-05-24 08:32:08 +0000  14499 bytes for ./Payload/szwzb.app/www/lib/layer/skin/default/layer.css
2018-05-24 08:32:08 +0000  copying file ./Payload/szwzb.app/www/lib/layer/skin/default/loading-0.gif ... 
5793 bytes for ./Payload/szwzb.app/www/lib/layer/skin/default/loading-0.gif
copying file ./Payload/szwzb.app/www/lib/layer/skin/default/loading-1.gif ... 
2018-05-24 08:32:08 +0000  701 bytes for ./Payload/szwzb.app/www/lib/layer/skin/default/loading-1.gif
copying file ./Payload/szwzb.app/www/lib/layer/skin/default/loading-2.gif ... 
2018-05-24 08:32:08 +0000  1787 bytes for ./Payload/szwzb.app/www/lib/layer/skin/default/loading-2.gif
copying file ./Payload/szwzb.app/www/lib/layer/skin/layer.css ... 
2018-05-24 08:32:08 +0000  13302 bytes for ./Payload/szwzb.app/www/lib/layer/skin/layer.css
copying file ./Payload/szwzb.app/www/lib/layer/skin/layer.ext.css ... 
2018-05-24 08:32:08 +0000  2935 bytes for ./Payload/szwzb.app/www/lib/layer/skin/layer.ext.css
copying file ./Payload/szwzb.app/www/lib/layer/skin/rg01/icon-ext.png ... 
2018-05-24 08:32:08 +0000  5911 bytes for ./Payload/szwzb.app/www/lib/layer/skin/rg01/icon-ext.png
copying file ./Payload/szwzb.app/www/lib/layer/skin/rg01/icon.png ... 
2018-05-24 08:32:08 +0000  15409 bytes for ./Payload/szwzb.app/www/lib/layer/skin/rg01/icon.png
2018-05-24 08:32:08 +0000  copying file ./Payload/szwzb.app/www/lib/layer/skin/rg01/loading-0.gif ... 
2018-05-24 08:32:08 +0000  5793 bytes for ./Payload/szwzb.app/www/lib/layer/skin/rg01/loading-0.gif
copying file ./Payload/szwzb.app/www/lib/layer/skin/rg01/loading-1.gif ... 
701 bytes for ./Payload/szwzb.app/www/lib/layer/skin/rg01/loading-1.gif
copying file ./Payload/szwzb.app/www/lib/layer/skin/rg01/loading-2.gif ... 
2018-05-24 08:32:08 +0000  1787 bytes for ./Payload/szwzb.app/www/lib/layer/skin/rg01/loading-2.gif
copying file ./Payload/szwzb.app/www/lib/layer/skin/rg01/style.css ... 
2018-05-24 08:32:08 +0000  43 bytes for ./Payload/szwzb.app/www/lib/layer/skin/rg01/style.css
2018-05-24 08:32:08 +0000  copying file ./Payload/szwzb.app/www/plugins/cordova-plugin-barcodescanner/www/barcodescanner.js ... 
2018-05-24 08:32:08 +0000  3933 bytes for ./Payload/szwzb.app/www/plugins/cordova-plugin-barcodescanner/www/barcodescanner.js
copying file ./Payload/szwzb.app/www/plugins/cordova-plugin-console/www/console-via-logger.js ... 
2018-05-24 08:32:08 +0000  6896 bytes for ./Payload/szwzb.app/www/plugins/cordova-plugin-console/www/console-via-logger.js
copying file ./Payload/szwzb.app/www/plugins/cordova-plugin-console/www/logger.js ... 
2018-05-24 08:32:08 +0000  10323 bytes for ./Payload/szwzb.app/www/plugins/cordova-plugin-console/www/logger.js
2018-05-24 08:32:08 +0000  copying file ./Payload/szwzb.app/www/templates/list.html ... 
2018-05-24 08:32:08 +0000  2871 bytes for ./Payload/szwzb.app/www/templates/list.html
copying file ./Payload/szwzb.app/www/templates/modal.html ... 
555 bytes for ./Payload/szwzb.app/www/templates/modal.html
2018-05-24 08:32:08 +0000  copying file ./Payload/szwzb.app/www/templates/tab-addxj.html ... 
2529 bytes for ./Payload/szwzb.app/www/templates/tab-addxj.html
copying file ./Payload/szwzb.app/www/templates/tab-baoxiu.html ... 
2018-05-24 08:32:08 +0000  2237 bytes for ./Payload/szwzb.app/www/templates/tab-baoxiu.html
copying file ./Payload/szwzb.app/www/templates/tab-bjxx.html ... 
3402 bytes for ./Payload/szwzb.app/www/templates/tab-bjxx.html
2018-05-24 08:32:08 +0000  copying file ./Payload/szwzb.app/www/templates/tab-bohui.html ... 
822 bytes for ./Payload/szwzb.app/www/templates/tab-bohui.html
copying file ./Payload/szwzb.app/www/templates/tab-bxdet.html ... 
2018-05-24 08:32:08 +0000  4920 bytes for ./Payload/szwzb.app/www/templates/tab-bxdet.html
copying file ./Payload/szwzb.app/www/templates/tab-bxewm.html ... 
2018-05-24 08:32:08 +0000  2202 bytes for ./Payload/szwzb.app/www/templates/tab-bxewm.html
copying file ./Payload/szwzb.app/www/templates/tab-bxst.html ... 
3391 bytes for ./Payload/szwzb.app/www/templates/tab-bxst.html
copying file ./Payload/szwzb.app/www/templates/tab-camera.html ... 
2018-05-24 08:32:08 +0000  2294 bytes for ./Payload/szwzb.app/www/templates/tab-camera.html
copying file ./Payload/szwzb.app/www/templates/tab-collect.html ... 
3887 bytes for ./Payload/szwzb.app/www/templates/tab-collect.html
copying file ./Payload/szwzb.app/www/templates/tab-finishdet.html ... 
2018-05-24 08:32:08 +0000  7230 bytes for ./Payload/szwzb.app/www/templates/tab-finishdet.html
copying file ./Payload/szwzb.app/www/templates/tab-login.html ... 
2018-05-24 08:32:08 +0000  1221 bytes for ./Payload/szwzb.app/www/templates/tab-login.html
copying file ./Payload/szwzb.app/www/templates/tab-mxll.html ... 
592 bytes for ./Payload/szwzb.app/www/templates/tab-mxll.html
copying file ./Payload/szwzb.app/www/templates/tab-samecamera.html ... 
2018-05-24 08:32:08 +0000  3092 bytes for ./Payload/szwzb.app/www/templates/tab-samecamera.html
copying file ./Payload/szwzb.app/www/templates/tab-sbdet.html ... 
2018-05-24 08:32:08 +0000  9758 bytes for ./Payload/szwzb.app/www/templates/tab-sbdet.html
copying file ./Payload/szwzb.app/www/templates/tab-sblist.html ... 
2018-05-24 08:32:08 +0000  1569 bytes for ./Payload/szwzb.app/www/templates/tab-sblist.html
copying file ./Payload/szwzb.app/www/templates/tab-sbxq.html ... 
2018-05-24 08:32:08 +0000  8916 bytes for ./Payload/szwzb.app/www/templates/tab-sbxq.html
copying file ./Payload/szwzb.app/www/templates/tab-shouye.html ... 
2018-05-24 08:32:08 +0000  2923 bytes for ./Payload/szwzb.app/www/templates/tab-shouye.html
copying file ./Payload/szwzb.app/www/templates/tab-spjkidx.html ... 
2018-05-24 08:32:08 +0000  978 bytes for ./Payload/szwzb.app/www/templates/tab-spjkidx.html
copying file ./Payload/szwzb.app/www/templates/tab-wbdet.html ... 
3823 bytes for ./Payload/szwzb.app/www/templates/tab-wbdet.html
copying file ./Payload/szwzb.app/www/templates/tab-wode.html ... 
636 bytes for ./Payload/szwzb.app/www/templates/tab-wode.html
2018-05-24 08:32:08 +0000  copying file ./Payload/szwzb.app/www/templates/tab-wxjg.html ... 
2999 bytes for ./Payload/szwzb.app/www/templates/tab-wxjg.html
copying file ./Payload/szwzb.app/www/templates/tab-xgmm.html ... 
2018-05-24 08:32:08 +0000  1167 bytes for ./Payload/szwzb.app/www/templates/tab-xgmm.html
copying file ./Payload/szwzb.app/www/templates/tab-xjdet.html ... 
2018-05-24 08:32:08 +0000  2618 bytes for ./Payload/szwzb.app/www/templates/tab-xjdet.html
copying file ./Payload/szwzb.app/www/templates/tab-xunjian.html ... 
2018-05-24 08:32:08 +0000  2647 bytes for ./Payload/szwzb.app/www/templates/tab-xunjian.html
copying file ./Payload/szwzb.app/www/templates/tab-zhuanban.html ... 
1445 bytes for ./Payload/szwzb.app/www/templates/tab-zhuanban.html
copying file ./Payload/szwzb.app/www/templates/tabs.html ... 
2018-05-24 08:32:08 +0000  2352 bytes for ./Payload/szwzb.app/www/templates/tabs.html
2018-05-24 08:32:08 +0000  
2018-05-24 08:32:08 +0000  2018-05-24 08:32:08 +0000  /usr/bin/ditto exited with 0

2018-05-24 08:32:08 +0000  Processing step: IDEDistributionCreateManifestStep2018-05-24 08:32:08 +0000  

